[0.019s] Invoking command in '/home/dxtl/RM2025ç¬¬äºŒè½®è€ƒæ ¸/ros2_ws/build/enemy_detector': CMAKE_PREFIX_PATH=/opt/ros/humble /usr/bin/cmake --build /home/dxtl/RM2025ç¬¬äºŒè½®è€ƒæ ¸/ros2_ws/build/enemy_detector -- -j8 -l8
[0.058s] -- Found ament_cmake: 1.3.10 (/opt/ros/humble/share/ament_cmake/cmake)
[0.277s] -- Found rclcpp: 16.0.10 (/opt/ros/humble/share/rclcpp/cmake)
[0.325s] -- Found rosidl_generator_c: 3.1.5 (/opt/ros/humble/share/rosidl_generator_c/cmake)
[0.330s] -- Found rosidl_adapter: 3.1.5 (/opt/ros/humble/share/rosidl_adapter/cmake)
[0.340s] -- Found rosidl_generator_cpp: 3.1.5 (/opt/ros/humble/share/rosidl_generator_cpp/cmake)
[0.356s] -- Using all available rosidl_typesupport_c: rosidl_typesupport_fastrtps_c;rosidl_typesupport_introspection_c
[0.377s] -- Using all available rosidl_typesupport_cpp: rosidl_typesupport_fastrtps_cpp;rosidl_typesupport_introspection_cpp
[0.431s] -- Found rmw_implementation_cmake: 6.1.2 (/opt/ros/humble/share/rmw_implementation_cmake/cmake)
[0.433s] -- Found rmw_fastrtps_cpp: 6.2.7 (/opt/ros/humble/share/rmw_fastrtps_cpp/cmake)
[0.594s] -- Using RMW implementation 'rmw_fastrtps_cpp' as default
[0.680s] -- Found geometry_msgs: 4.2.4 (/opt/ros/humble/share/geometry_msgs/cmake)
[0.701s] -- Found tf2: 0.25.7 (/opt/ros/humble/share/tf2/cmake)
[0.707s] -- Found tf2_ros: 0.25.7 (/opt/ros/humble/share/tf2_ros/cmake)
[0.869s] -- Found tf2_geometry_msgs: 0.25.7 (/opt/ros/humble/share/tf2_geometry_msgs/cmake)
[0.873s] -- Found eigen3_cmake_module: 0.1.1 (/opt/ros/humble/share/eigen3_cmake_module/cmake)
[0.876s] -- Ensuring Eigen3 include directory is part of orocos-kdl CMake target
[0.880s] -- Found ament_lint_auto: 0.12.11 (/opt/ros/humble/share/ament_lint_auto/cmake)
[1.005s] -- Added test 'cppcheck' to perform static code analysis on C / C++ code
[1.005s] -- Configured cppcheck include dirs: 
[1.006s] -- Configured cppcheck exclude dirs and/or files: 
[1.007s] -- Added test 'lint_cmake' to check CMake code style
[1.008s] -- Added test 'uncrustify' to check C / C++ code style
[1.008s] -- Configured uncrustify additional arguments: 
[1.009s] -- Added test 'xmllint' to check XML markup files
[1.010s] -- Configuring done
[1.031s] -- Generating done
[1.035s] -- Build files have been written to: /home/dxtl/RM2025ç¬¬äºŒè½®è€ƒæ ¸/ros2_ws/build/enemy_detector
[1.079s] [35m[1mConsolidate compiler generated dependencies of target enemy_coordinates_node[0m
[1.112s] [ 50%] [32mBuilding CXX object CMakeFiles/enemy_coordinates_node.dir/src/enemy_coordinates_node.cpp.o[0m
[6.003s] [01m[K/home/dxtl/RM2025ç¬¬äºŒè½®è€ƒæ ¸/ros2_ws/src/enemy_detector/src/enemy_coordinates_node.cpp:[m[K In member function â€˜[01m[Kvoid EnemyCoordsTransformNode::updateQueue()[m[Kâ€™:
[6.004s] [01m[K/home/dxtl/RM2025ç¬¬äºŒè½®è€ƒæ ¸/ros2_ws/src/enemy_detector/src/enemy_coordinates_node.cpp:45:13:[m[K [01;31m[Kerror: [m[Kcould not convert â€˜[01m[K((EnemyCoordsTransformNode*)this)->EnemyCoordsTransformNode::latest_coords_[m[Kâ€™ from â€˜[01m[Kgeometry_msgs::msg::PointStamped[m[Kâ€™ {aka â€˜[01m[Kgeometry_msgs::msg::PointStamped_<std::allocator<void> >[m[Kâ€™} to â€˜[01m[Kbool[m[Kâ€™
[6.004s]    45 |         if ([01;31m[Klatest_coords_[m[K)
[6.004s]       |             [01;31m[K^~~~~~~~~~~~~~[m[K
[6.004s]       |             [01;31m[K|[m[K
[6.004s]       |             [01;31m[Kgeometry_msgs::msg::PointStamped {aka geometry_msgs::msg::PointStamped_<std::allocator<void> >}[m[K
[6.004s] [01m[K/home/dxtl/RM2025ç¬¬äºŒè½®è€ƒæ ¸/ros2_ws/src/enemy_detector/src/enemy_coordinates_node.cpp:52:102:[m[K [01;31m[Kerror: [m[Kno matching function for call to â€˜[01m[Kstd::chrono::duration<long int, std::ratio<1, 1000000000> >::duration(double)[m[Kâ€™
[6.004s]    52 | st_coords_, base_link_coords, "base_link", tf2::Duration(1.0[01;31m[K)[m[K); // è¶…æ—¶1ç§’
[6.005s]       |                                                             [01;31m[K^[m[K
[6.005s] 
[6.005s] In file included from [01m[K/usr/include/c++/11/mutex:39[m[K,
[6.005s]                  from [01m[K/usr/include/c++/11/future:38[m[K,
[6.006s]                  from [01m[K/opt/ros/humble/include/rclcpp/rclcpp/executors.hpp:18[m[K,
[6.006s]                  from [01m[K/opt/ros/humble/include/rclcpp/rclcpp/rclcpp.hpp:155[m[K,
[6.006s]                  from [01m[K/home/dxtl/RM2025ç¬¬äºŒè½®è€ƒæ ¸/ros2_ws/src/enemy_detector/src/enemy_coordinates_node.cpp:1[m[K:
[6.006s] [01m[K/usr/include/c++/11/chrono:529:21:[m[K [01;36m[Knote: [m[Kcandidate: â€˜[01m[Ktemplate<class _Rep2, class _Period2, class> constexpr std::chrono::duration<_Rep, _Period>::duration(const std::chrono::duration<_Rep, _Period>&) [with _Rep2 = _Rep2; _Period2 = _Period2; <template-parameter-2-3> = <template-parameter-1-3>; _Rep = long int; _Period = std::ratio<1, 1000000000>][m[Kâ€™
[6.006s]   529 |           constexpr [01;36m[Kduration[m[K(const duration<_Rep2, _Period2>& __d)
[6.006s]       |                     [01;36m[K^~~~~~~~[m[K
[6.006s] [01m[K/usr/include/c++/11/chrono:529:21:[m[K [01;36m[Knote: [m[K  template argument deduction/substitution failed:
[6.006s] [01m[K/home/dxtl/RM2025ç¬¬äºŒè½®è€ƒæ ¸/ros2_ws/src/enemy_detector/src/enemy_coordinates_node.cpp:52:102:[m[K [01;36m[Knote: [m[K  mismatched types â€˜[01m[Kconst std::chrono::duration<_Rep1, _Period1>[m[Kâ€™ and â€˜[01m[Kdouble[m[Kâ€™
[6.007s]    52 | st_coords_, base_link_coords, "base_link", tf2::Duration(1.0[01;36m[K)[m[K); // è¶…æ—¶1ç§’
[6.007s]       |                                                             [01;36m[K^[m[K
[6.007s] 
[6.007s] In file included from [01m[K/usr/include/c++/11/mutex:39[m[K,
[6.007s]                  from [01m[K/usr/include/c++/11/future:38[m[K,
[6.007s]                  from [01m[K/opt/ros/humble/include/rclcpp/rclcpp/executors.hpp:18[m[K,
[6.007s]                  from [01m[K/opt/ros/humble/include/rclcpp/rclcpp/rclcpp.hpp:155[m[K,
[6.007s]                  from [01m[K/home/dxtl/RM2025ç¬¬äºŒè½®è€ƒæ ¸/ros2_ws/src/enemy_detector/src/enemy_coordinates_node.cpp:1[m[K:
[6.007s] [01m[K/usr/include/c++/11/chrono:521:30:[m[K [01;36m[Knote: [m[Kcandidate: â€˜[01m[Ktemplate<class _Rep2, class> constexpr std::chrono::duration<_Rep, _Period>::duration(const _Rep2&) [with _Rep2 = _Rep2; <template-parameter-2-2> = <template-parameter-1-2>; _Rep = long int; _Period = std::ratio<1, 1000000000>][m[Kâ€™
[6.007s]   521 |           constexpr explicit [01;36m[Kduration[m[K(const _Rep2& __rep)
[6.008s]       |                              [01;36m[K^~~~~~~~[m[K
[6.008s] [01m[K/usr/include/c++/11/chrono:521:30:[m[K [01;36m[Knote: [m[K  template argument deduction/substitution failed:
[6.008s] In file included from [01m[K/usr/include/c++/11/bits/move.h:57[m[K,
[6.008s]                  from [01m[K/usr/include/c++/11/bits/stl_pair.h:59[m[K,
[6.008s]                  from [01m[K/usr/include/c++/11/bits/stl_algobase.h:64[m[K,
[6.008s]                  from [01m[K/usr/include/c++/11/memory:63[m[K,
[6.008s]                  from [01m[K/opt/ros/humble/include/rclcpp/rclcpp/rclcpp.hpp:153[m[K,
[6.008s]                  from [01m[K/home/dxtl/RM2025ç¬¬äºŒè½®è€ƒæ ¸/ros2_ws/src/enemy_detector/src/enemy_coordinates_node.cpp:1[m[K:
[6.008s] /usr/include/c++/11/type_traits: In substitution of â€˜[01m[Ktemplate<bool _Cond, class _Tp> using __enable_if_t = typename std::enable_if::type [with bool _Cond = false; _Tp = void][m[Kâ€™:
[6.008s] [01m[K/usr/include/c++/11/type_traits:2209:11:[m[K   required by substitution of â€˜[01m[Ktemplate<class ... _Cond> using _Require = std::__enable_if_t<std::__and_< <template-parameter-1-1> >::value> [with _Cond = {std::is_convertible<const double&, long int>, std::__or_<std::chrono::treat_as_floating_point<long int>, std::__not_<std::chrono::treat_as_floating_point<double> > >}][m[Kâ€™
[6.008s] [01m[K/usr/include/c++/11/chrono:518:27:[m[K   required from here
[6.009s] [01m[K/usr/include/c++/11/type_traits:2205:11:[m[K [01;31m[Kerror: [m[Kno type named â€˜[01m[Ktype[m[Kâ€™ in â€˜[01m[Kstruct std::enable_if<false, void>[m[Kâ€™
[6.009s]  2205 |     using [01;31m[K__enable_if_t[m[K = typename enable_if<_Cond, _Tp>::type;
[6.009s]       |           [01;31m[K^~~~~~~~~~~~~[m[K
[6.009s] In file included from [01m[K/usr/include/c++/11/mutex:39[m[K,
[6.009s]                  from [01m[K/usr/include/c++/11/future:38[m[K,
[6.009s]                  from [01m[K/opt/ros/humble/include/rclcpp/rclcpp/executors.hpp:18[m[K,
[6.009s]                  from [01m[K/opt/ros/humble/include/rclcpp/rclcpp/rclcpp.hpp:155[m[K,
[6.010s]                  from [01m[K/home/dxtl/RM2025ç¬¬äºŒè½®è€ƒæ ¸/ros2_ws/src/enemy_detector/src/enemy_coordinates_node.cpp:1[m[K:
[6.010s] [01m[K/usr/include/c++/11/chrono:514:9:[m[K [01;36m[Knote: [m[Kcandidate: â€˜[01m[Kconstexpr std::chrono::duration<_Rep, _Period>::duration(const std::chrono::duration<_Rep, _Period>&) [with _Rep = long int; _Period = std::ratio<1, 1000000000>][m[Kâ€™
[6.010s]   514 |         [01;36m[Kduration[m[K(const duration&) = default;
[6.010s]       |         [01;36m[K^~~~~~~~[m[K
[6.010s] [01m[K/usr/include/c++/11/chrono:514:18:[m[K [01;36m[Knote: [m[K  no known conversion for argument 1 from â€˜[01m[Kdouble[m[Kâ€™ to â€˜[01m[Kconst std::chrono::duration<long int, std::ratio<1, 1000000000> >&[m[Kâ€™
[6.011s]   514 |         duration([01;36m[Kconst duration&[m[K) = default;
[6.011s]       |                  [01;36m[K^~~~~~~~~~~~~~~[m[K
[6.011s] [01m[K/usr/include/c++/11/chrono:512:19:[m[K [01;36m[Knote: [m[Kcandidate: â€˜[01m[Kstd::chrono::duration<_Rep, _Period>::duration() [with _Rep = long int; _Period = std::ratio<1, 1000000000>][m[Kâ€™
[6.011s]   512 |         constexpr [01;36m[Kduration[m[K() = default;
[6.011s]       |                   [01;36m[K^~~~~~~~[m[K
[6.011s] [01m[K/usr/include/c++/11/chrono:512:19:[m[K [01;36m[Knote: [m[K  candidate expects 0 arguments, 1 provided
[10.563s] gmake[2]: *** [CMakeFiles/enemy_coordinates_node.dir/build.make:76ï¼šCMakeFiles/enemy_coordinates_node.dir/src/enemy_coordinates_node.cpp.o] é”™è¯¯ 1
[10.563s] gmake[1]: *** [CMakeFiles/Makefile2:137ï¼šCMakeFiles/enemy_coordinates_node.dir/all] é”™è¯¯ 2
[10.564s] gmake: *** [Makefile:146ï¼šall] é”™è¯¯ 2
[10.567s] Invoked command in '/home/dxtl/RM2025ç¬¬äºŒè½®è€ƒæ ¸/ros2_ws/build/enemy_detector' returned '2': CMAKE_PREFIX_PATH=/opt/ros/humble /usr/bin/cmake --build /home/dxtl/RM2025ç¬¬äºŒè½®è€ƒæ ¸/ros2_ws/build/enemy_detector -- -j8 -l8
