[0.018s] Invoking command in '/home/dxtl/RM2025ç¬¬äºŒè½®è€ƒæ ¸/ros2_ws/build/enemy_detector': CMAKE_PREFIX_PATH=/opt/ros/humble /usr/bin/cmake /home/dxtl/RM2025ç¬¬äºŒè½®è€ƒæ ¸/ros2_ws/src/enemy_detector -DCMAKE_INSTALL_PREFIX=/home/dxtl/RM2025ç¬¬äºŒè½®è€ƒæ ¸/ros2_ws/install/enemy_detector
[0.151s] -- The C compiler identification is GNU 11.4.0
[0.275s] -- The CXX compiler identification is GNU 11.4.0
[0.290s] -- Detecting C compiler ABI info
[0.415s] -- Detecting C compiler ABI info - done
[0.430s] -- Check for working C compiler: /usr/bin/cc - skipped
[0.432s] -- Detecting C compile features
[0.433s] -- Detecting C compile features - done
[0.440s] -- Detecting CXX compiler ABI info
[0.580s] -- Detecting CXX compiler ABI info - done
[0.594s] -- Check for working CXX compiler: /usr/bin/c++ - skipped
[0.595s] -- Detecting CXX compile features
[0.596s] -- Detecting CXX compile features - done
[0.608s] -- Found ament_cmake: 1.3.10 (/opt/ros/humble/share/ament_cmake/cmake)
[0.892s] -- Found Python3: /usr/bin/python3 (found version "3.10.12") found components: Interpreter 
[1.054s] -- Found rclcpp: 16.0.10 (/opt/ros/humble/share/rclcpp/cmake)
[1.128s] -- Found rosidl_generator_c: 3.1.5 (/opt/ros/humble/share/rosidl_generator_c/cmake)
[1.136s] -- Found rosidl_adapter: 3.1.5 (/opt/ros/humble/share/rosidl_adapter/cmake)
[1.152s] -- Found rosidl_generator_cpp: 3.1.5 (/opt/ros/humble/share/rosidl_generator_cpp/cmake)
[1.174s] -- Using all available rosidl_typesupport_c: rosidl_typesupport_fastrtps_c;rosidl_typesupport_introspection_c
[1.203s] -- Using all available rosidl_typesupport_cpp: rosidl_typesupport_fastrtps_cpp;rosidl_typesupport_introspection_cpp
[1.284s] -- Found rmw_implementation_cmake: 6.1.2 (/opt/ros/humble/share/rmw_implementation_cmake/cmake)
[1.288s] -- Found rmw_fastrtps_cpp: 6.2.7 (/opt/ros/humble/share/rmw_fastrtps_cpp/cmake)
[1.431s] -- Found OpenSSL: /usr/lib/x86_64-linux-gnu/libcrypto.so (found version "3.0.2")  
[1.482s] -- Found FastRTPS: /opt/ros/humble/include  
[1.555s] -- Using RMW implementation 'rmw_fastrtps_cpp' as default
[1.573s] -- Looking for pthread.h
[1.707s] -- Looking for pthread.h - found
[1.708s] -- Performing Test CMAKE_HAVE_LIBC_PTHREAD
[1.834s] -- Performing Test CMAKE_HAVE_LIBC_PTHREAD - Success
[1.836s] -- Found Threads: TRUE  
[1.938s] -- Found geometry_msgs: 4.2.4 (/opt/ros/humble/share/geometry_msgs/cmake)
[1.967s] -- Found ament_lint_auto: 0.12.11 (/opt/ros/humble/share/ament_lint_auto/cmake)
[2.121s] -- Added test 'cppcheck' to perform static code analysis on C / C++ code
[2.121s] -- Configured cppcheck include dirs: 
[2.121s] -- Configured cppcheck exclude dirs and/or files: 
[2.123s] -- Added test 'lint_cmake' to check CMake code style
[2.124s] -- Added test 'uncrustify' to check C / C++ code style
[2.124s] -- Configured uncrustify additional arguments: 
[2.125s] -- Added test 'xmllint' to check XML markup files
[2.127s] -- Configuring done
[2.136s] -- Generating done
[2.139s] -- Build files have been written to: /home/dxtl/RM2025ç¬¬äºŒè½®è€ƒæ ¸/ros2_ws/build/enemy_detector
[2.156s] Invoked command in '/home/dxtl/RM2025ç¬¬äºŒè½®è€ƒæ ¸/ros2_ws/build/enemy_detector' returned '0': CMAKE_PREFIX_PATH=/opt/ros/humble /usr/bin/cmake /home/dxtl/RM2025ç¬¬äºŒè½®è€ƒæ ¸/ros2_ws/src/enemy_detector -DCMAKE_INSTALL_PREFIX=/home/dxtl/RM2025ç¬¬äºŒè½®è€ƒæ ¸/ros2_ws/install/enemy_detector
[2.159s] Invoking command in '/home/dxtl/RM2025ç¬¬äºŒè½®è€ƒæ ¸/ros2_ws/build/enemy_detector': CMAKE_PREFIX_PATH=/opt/ros/humble /usr/bin/cmake --build /home/dxtl/RM2025ç¬¬äºŒè½®è€ƒæ ¸/ros2_ws/build/enemy_detector -- -j8 -l8
[2.247s] [ 50%] [32mBuilding CXX object CMakeFiles/enemy_coordinates_node.dir/src/enemy_coordinates_node.cpp.o[0m
[2.269s] [01m[K/home/dxtl/RM2025ç¬¬äºŒè½®è€ƒæ ¸/ros2_ws/src/enemy_detector/src/enemy_coordinates_node.cpp:1:10:[m[K [01;31m[Kfatal error: [m[Krclcpp/rclcpp.hpp: æ²¡æœ‰é‚£ä¸ªæ–‡ä»¶æˆ–ç›®å½•
[2.269s]     1 | #include [01;31m[K<rclcpp/rclcpp.hpp>[m[K
[2.270s]       |          [01;31m[K^~~~~~~~~~~~~~~~~~~[m[K
[2.270s] compilation terminated.
[2.271s] gmake[2]: *** [CMakeFiles/enemy_coordinates_node.dir/build.make:76ï¼šCMakeFiles/enemy_coordinates_node.dir/src/enemy_coordinates_node.cpp.o] é”™è¯¯ 1
[2.272s] gmake[1]: *** [CMakeFiles/Makefile2:137ï¼šCMakeFiles/enemy_coordinates_node.dir/all] é”™è¯¯ 2
[2.272s] gmake: *** [Makefile:146ï¼šall] é”™è¯¯ 2
[2.276s] Invoked command in '/home/dxtl/RM2025ç¬¬äºŒè½®è€ƒæ ¸/ros2_ws/build/enemy_detector' returned '2': CMAKE_PREFIX_PATH=/opt/ros/humble /usr/bin/cmake --build /home/dxtl/RM2025ç¬¬äºŒè½®è€ƒæ ¸/ros2_ws/build/enemy_detector -- -j8 -l8
