-- Found ament_cmake: 1.3.10 (/opt/ros/humble/share/ament_cmake/cmake)
-- Found rclcpp: 16.0.10 (/opt/ros/humble/share/rclcpp/cmake)
-- Found rosidl_generator_c: 3.1.5 (/opt/ros/humble/share/rosidl_generator_c/cmake)
-- Found rosidl_adapter: 3.1.5 (/opt/ros/humble/share/rosidl_adapter/cmake)
-- Found rosidl_generator_cpp: 3.1.5 (/opt/ros/humble/share/rosidl_generator_cpp/cmake)
-- Using all available rosidl_typesupport_c: rosidl_typesupport_fastrtps_c;rosidl_typesupport_introspection_c
-- Using all available rosidl_typesupport_cpp: rosidl_typesupport_fastrtps_cpp;rosidl_typesupport_introspection_cpp
-- Found rmw_implementation_cmake: 6.1.2 (/opt/ros/humble/share/rmw_implementation_cmake/cmake)
-- Found rmw_fastrtps_cpp: 6.2.7 (/opt/ros/humble/share/rmw_fastrtps_cpp/cmake)
-- Using RMW implementation 'rmw_fastrtps_cpp' as default
-- Found geometry_msgs: 4.2.4 (/opt/ros/humble/share/geometry_msgs/cmake)
-- Found tf2: 0.25.7 (/opt/ros/humble/share/tf2/cmake)
-- Found tf2_ros: 0.25.7 (/opt/ros/humble/share/tf2_ros/cmake)
-- Found tf2_geometry_msgs: 0.25.7 (/opt/ros/humble/share/tf2_geometry_msgs/cmake)
-- Found eigen3_cmake_module: 0.1.1 (/opt/ros/humble/share/eigen3_cmake_module/cmake)
-- Ensuring Eigen3 include directory is part of orocos-kdl CMake target
-- Found ament_lint_auto: 0.12.11 (/opt/ros/humble/share/ament_lint_auto/cmake)
-- Added test 'cppcheck' to perform static code analysis on C / C++ code
-- Configured cppcheck include dirs: 
-- Configured cppcheck exclude dirs and/or files: 
-- Added test 'lint_cmake' to check CMake code style
-- Added test 'uncrustify' to check C / C++ code style
-- Configured uncrustify additional arguments: 
-- Added test 'xmllint' to check XML markup files
-- Configuring done
-- Generating done
-- Build files have been written to: /home/dxtl/RM2025ç¬¬äºŒè½®è€ƒæ ¸/ros2_ws/build/enemy_detector
[ 50%] [32mBuilding CXX object CMakeFiles/coordinate_transform_node.dir/src/coordinate_transform_node.cpp.o[0m
[01m[K/home/dxtl/RM2025ç¬¬äºŒè½®è€ƒæ ¸/ros2_ws/src/enemy_detector/src/coordinate_transform_node.cpp:71:30:[m[K [01;31m[Kerror: [m[Kâ€˜[01m[KBuffer[m[Kâ€™ is not a member of â€˜[01m[Ktf2_ros[m[Kâ€™
   71 |     std::shared_ptr<tf2_ros::[01;31m[KBuffer[m[K> tf_buffer_;
      |                              [01;31m[K^~~~~~[m[K
[01m[K/home/dxtl/RM2025ç¬¬äºŒè½®è€ƒæ ¸/ros2_ws/src/enemy_detector/src/coordinate_transform_node.cpp:71:36:[m[K [01;31m[Kerror: [m[Ktemplate argument 1 is invalid
   71 |     std::shared_ptr<tf2_ros::Buffer[01;31m[K>[m[K tf_buffer_;
      |                                    [01;31m[K^[m[K
[01m[K/home/dxtl/RM2025ç¬¬äºŒè½®è€ƒæ ¸/ros2_ws/src/enemy_detector/src/coordinate_transform_node.cpp:[m[K In constructor â€˜[01m[KCoordinateTransformNode::CoordinateTransformNode()[m[Kâ€™:
[01m[K/home/dxtl/RM2025ç¬¬äºŒè½®è€ƒæ ¸/ros2_ws/src/enemy_detector/src/coordinate_transform_node.cpp:17:48:[m[K [01;31m[Kerror: [m[Kâ€˜[01m[KBuffer[m[Kâ€™ is not a member of â€˜[01m[Ktf2_ros[m[Kâ€™
   17 |         tf_buffer_ = std::make_shared<tf2_ros::[01;31m[KBuffer[m[K>(this->get_clock());
      |                                                [01;31m[K^~~~~~[m[K
[01m[K/home/dxtl/RM2025ç¬¬äºŒè½®è€ƒæ ¸/ros2_ws/src/enemy_detector/src/coordinate_transform_node.cpp:17:55:[m[K [01;31m[Kerror: [m[Kno matching function for call to â€˜[01m[Kmake_shared<<expression error> >(rclcpp::Clock::SharedPtr)[m[Kâ€™
   17 |         tf_buffer_ = [01;31m[Kstd::make_shared<tf2_ros::Buffer>(this->get_clock())[m[K;
      |                      [01;31m[K~~~~~~~~~~~~~~~~~~~~~~~~~~~~~~~~~^~~~~~~~~~~~~~~~~~~[m[K
In file included from [01m[K/usr/include/c++/11/memory:77[m[K,
                 from [01m[K/opt/ros/humble/include/rclcpp/rclcpp/rclcpp.hpp:153[m[K,
                 from [01m[K/home/dxtl/RM2025ç¬¬äºŒè½®è€ƒæ ¸/ros2_ws/src/enemy_detector/src/coordinate_transform_node.cpp:1[m[K:
[01m[K/usr/include/c++/11/bits/shared_ptr.h:875:5:[m[K [01;36m[Knote: [m[Kcandidate: â€˜[01m[Ktemplate<class _Tp, class ... _Args> std::shared_ptr<_Tp> std::make_shared(_Args&& ...)[m[Kâ€™
  875 |     [01;36m[Kmake_shared[m[K(_Args&&... __args)
      |     [01;36m[K^~~~~~~~~~~[m[K
[01m[K/usr/include/c++/11/bits/shared_ptr.h:875:5:[m[K [01;36m[Knote: [m[K  template argument deduction/substitution failed:
[01m[K/home/dxtl/RM2025ç¬¬äºŒè½®è€ƒæ ¸/ros2_ws/src/enemy_detector/src/coordinate_transform_node.cpp:17:55:[m[K [01;31m[Kerror: [m[Ktemplate argument 1 is invalid
   17 |         tf_buffer_ = [01;31m[Kstd::make_shared<tf2_ros::Buffer>(this->get_clock())[m[K;
      |                      [01;31m[K~~~~~~~~~~~~~~~~~~~~~~~~~~~~~~~~~^~~~~~~~~~~~~~~~~~~[m[K
[01m[K/home/dxtl/RM2025ç¬¬äºŒè½®è€ƒæ ¸/ros2_ws/src/enemy_detector/src/coordinate_transform_node.cpp:18:69:[m[K [01;31m[Kerror: [m[Kinvalid type argument of unary â€˜[01m[K*[m[Kâ€™ (have â€˜[01m[Kint[m[Kâ€™)
   18 | tf_listener_ = std::make_shared<tf2_ros::TransformListener>([01;31m[K*tf_buffer_[m[K);
      |                                                             [01;31m[K^~~~~~~~~~~[m[K

[01m[K/home/dxtl/RM2025ç¬¬äºŒè½®è€ƒæ ¸/ros2_ws/src/enemy_detector/src/coordinate_transform_node.cpp:[m[K In member function â€˜[01m[Kvoid CoordinateTransformNode::coordsCallback(geometry_msgs::msg::PointStamped_<std::allocator<void> >::SharedPtr)[m[Kâ€™:
[01m[K/home/dxtl/RM2025ç¬¬äºŒè½®è€ƒæ ¸/ros2_ws/src/enemy_detector/src/coordinate_transform_node.cpp:40:23:[m[K [01;31m[Kerror: [m[Kbase operand of â€˜[01m[K->[m[Kâ€™ is not a pointer
   40 |             tf_buffer_[01;31m[K->[m[Ktransform(camera_coords, base_link_coords, "base_link", tf2::durationFromSec(1.0));
      |                       [01;31m[K^~[m[K
gmake[2]: *** [CMakeFiles/coordinate_transform_node.dir/build.make:76ï¼šCMakeFiles/coordinate_transform_node.dir/src/coordinate_transform_node.cpp.o] é”™è¯¯ 1
gmake[1]: *** [CMakeFiles/Makefile2:137ï¼šCMakeFiles/coordinate_transform_node.dir/all] é”™è¯¯ 2
gmake: *** [Makefile:146ï¼šall] é”™è¯¯ 2
