[0.020s] Invoking command in '/home/dxtl/RM2025ç¬¬äºŒè½®è€ƒæ ¸/ros2_ws/build/enemy_detector': CMAKE_PREFIX_PATH=${CMAKE_PREFIX_PATH}:/opt/ros/humble /usr/bin/cmake --build /home/dxtl/RM2025ç¬¬äºŒè½®è€ƒæ ¸/ros2_ws/build/enemy_detector -- -j8 -l8
[0.066s] -- Found ament_cmake: 1.3.10 (/opt/ros/humble/share/ament_cmake/cmake)
[0.292s] -- Found rclcpp: 16.0.10 (/opt/ros/humble/share/rclcpp/cmake)
[0.342s] -- Found rosidl_generator_c: 3.1.5 (/opt/ros/humble/share/rosidl_generator_c/cmake)
[0.347s] -- Found rosidl_adapter: 3.1.5 (/opt/ros/humble/share/rosidl_adapter/cmake)
[0.357s] -- Found rosidl_generator_cpp: 3.1.5 (/opt/ros/humble/share/rosidl_generator_cpp/cmake)
[0.374s] -- Using all available rosidl_typesupport_c: rosidl_typesupport_fastrtps_c;rosidl_typesupport_introspection_c
[0.395s] -- Using all available rosidl_typesupport_cpp: rosidl_typesupport_fastrtps_cpp;rosidl_typesupport_introspection_cpp
[0.452s] -- Found rmw_implementation_cmake: 6.1.2 (/opt/ros/humble/share/rmw_implementation_cmake/cmake)
[0.454s] -- Found rmw_fastrtps_cpp: 6.2.7 (/opt/ros/humble/share/rmw_fastrtps_cpp/cmake)
[0.623s] -- Using RMW implementation 'rmw_fastrtps_cpp' as default
[0.713s] -- Found geometry_msgs: 4.2.4 (/opt/ros/humble/share/geometry_msgs/cmake)
[0.737s] -- Found tf2: 0.25.7 (/opt/ros/humble/share/tf2/cmake)
[0.744s] -- Found tf2_ros: 0.25.7 (/opt/ros/humble/share/tf2_ros/cmake)
[0.879s] -- Found tf2_geometry_msgs: 0.25.7 (/opt/ros/humble/share/tf2_geometry_msgs/cmake)
[0.883s] -- Found eigen3_cmake_module: 0.1.1 (/opt/ros/humble/share/eigen3_cmake_module/cmake)
[0.886s] -- Ensuring Eigen3 include directory is part of orocos-kdl CMake target
[0.889s] -- Found ament_lint_auto: 0.12.11 (/opt/ros/humble/share/ament_lint_auto/cmake)
[1.016s] -- Added test 'cppcheck' to perform static code analysis on C / C++ code
[1.016s] -- Configured cppcheck include dirs: 
[1.016s] -- Configured cppcheck exclude dirs and/or files: 
[1.017s] -- Added test 'lint_cmake' to check CMake code style
[1.019s] -- Added test 'uncrustify' to check C / C++ code style
[1.019s] -- Configured uncrustify additional arguments: 
[1.020s] -- Added test 'xmllint' to check XML markup files
[1.021s] -- Configuring done
[1.042s] -- Generating done
[1.045s] -- Build files have been written to: /home/dxtl/RM2025ç¬¬äºŒè½®è€ƒæ ¸/ros2_ws/build/enemy_detector
[1.110s] [ 50%] [32mBuilding CXX object CMakeFiles/coordinate_transform_node.dir/src/coordinate_transform_node.cpp.o[0m
[6.204s] [01m[K/home/dxtl/RM2025ç¬¬äºŒè½®è€ƒæ ¸/ros2_ws/src/enemy_detector/src/coordinate_transform_node.cpp:71:30:[m[K [01;31m[Kerror: [m[Kâ€˜[01m[KBuffer[m[Kâ€™ is not a member of â€˜[01m[Ktf2_ros[m[Kâ€™
[6.204s]    71 |     std::shared_ptr<tf2_ros::[01;31m[KBuffer[m[K> tf_buffer_;
[6.204s]       |                              [01;31m[K^~~~~~[m[K
[6.205s] [01m[K/home/dxtl/RM2025ç¬¬äºŒè½®è€ƒæ ¸/ros2_ws/src/enemy_detector/src/coordinate_transform_node.cpp:71:36:[m[K [01;31m[Kerror: [m[Ktemplate argument 1 is invalid
[6.205s]    71 |     std::shared_ptr<tf2_ros::Buffer[01;31m[K>[m[K tf_buffer_;
[6.205s]       |                                    [01;31m[K^[m[K
[6.230s] [01m[K/home/dxtl/RM2025ç¬¬äºŒè½®è€ƒæ ¸/ros2_ws/src/enemy_detector/src/coordinate_transform_node.cpp:[m[K In constructor â€˜[01m[KCoordinateTransformNode::CoordinateTransformNode()[m[Kâ€™:
[6.230s] [01m[K/home/dxtl/RM2025ç¬¬äºŒè½®è€ƒæ ¸/ros2_ws/src/enemy_detector/src/coordinate_transform_node.cpp:17:48:[m[K [01;31m[Kerror: [m[Kâ€˜[01m[KBuffer[m[Kâ€™ is not a member of â€˜[01m[Ktf2_ros[m[Kâ€™
[6.230s]    17 |         tf_buffer_ = std::make_shared<tf2_ros::[01;31m[KBuffer[m[K>(this->get_clock());
[6.230s]       |                                                [01;31m[K^~~~~~[m[K
[6.231s] [01m[K/home/dxtl/RM2025ç¬¬äºŒè½®è€ƒæ ¸/ros2_ws/src/enemy_detector/src/coordinate_transform_node.cpp:17:55:[m[K [01;31m[Kerror: [m[Kno matching function for call to â€˜[01m[Kmake_shared<<expression error> >(rclcpp::Clock::SharedPtr)[m[Kâ€™
[6.231s]    17 |         tf_buffer_ = [01;31m[Kstd::make_shared<tf2_ros::Buffer>(this->get_clock())[m[K;
[6.231s]       |                      [01;31m[K~~~~~~~~~~~~~~~~~~~~~~~~~~~~~~~~~^~~~~~~~~~~~~~~~~~~[m[K
[6.231s] In file included from [01m[K/usr/include/c++/11/memory:77[m[K,
[6.232s]                  from [01m[K/opt/ros/humble/include/rclcpp/rclcpp/rclcpp.hpp:153[m[K,
[6.232s]                  from [01m[K/home/dxtl/RM2025ç¬¬äºŒè½®è€ƒæ ¸/ros2_ws/src/enemy_detector/src/coordinate_transform_node.cpp:1[m[K:
[6.232s] [01m[K/usr/include/c++/11/bits/shared_ptr.h:875:5:[m[K [01;36m[Knote: [m[Kcandidate: â€˜[01m[Ktemplate<class _Tp, class ... _Args> std::shared_ptr<_Tp> std::make_shared(_Args&& ...)[m[Kâ€™
[6.232s]   875 |     [01;36m[Kmake_shared[m[K(_Args&&... __args)
[6.232s]       |     [01;36m[K^~~~~~~~~~~[m[K
[6.232s] [01m[K/usr/include/c++/11/bits/shared_ptr.h:875:5:[m[K [01;36m[Knote: [m[K  template argument deduction/substitution failed:
[6.232s] [01m[K/home/dxtl/RM2025ç¬¬äºŒè½®è€ƒæ ¸/ros2_ws/src/enemy_detector/src/coordinate_transform_node.cpp:17:55:[m[K [01;31m[Kerror: [m[Ktemplate argument 1 is invalid
[6.232s]    17 |         tf_buffer_ = [01;31m[Kstd::make_shared<tf2_ros::Buffer>(this->get_clock())[m[K;
[6.232s]       |                      [01;31m[K~~~~~~~~~~~~~~~~~~~~~~~~~~~~~~~~~^~~~~~~~~~~~~~~~~~~[m[K
[6.233s] [01m[K/home/dxtl/RM2025ç¬¬äºŒè½®è€ƒæ ¸/ros2_ws/src/enemy_detector/src/coordinate_transform_node.cpp:18:69:[m[K [01;31m[Kerror: [m[Kinvalid type argument of unary â€˜[01m[K*[m[Kâ€™ (have â€˜[01m[Kint[m[Kâ€™)
[6.233s]    18 | tf_listener_ = std::make_shared<tf2_ros::TransformListener>([01;31m[K*tf_buffer_[m[K);
[6.233s]       |                                                             [01;31m[K^~~~~~~~~~~[m[K
[6.233s] 
[6.251s] [01m[K/home/dxtl/RM2025ç¬¬äºŒè½®è€ƒæ ¸/ros2_ws/src/enemy_detector/src/coordinate_transform_node.cpp:[m[K In member function â€˜[01m[Kvoid CoordinateTransformNode::coordsCallback(geometry_msgs::msg::PointStamped_<std::allocator<void> >::SharedPtr)[m[Kâ€™:
[6.251s] [01m[K/home/dxtl/RM2025ç¬¬äºŒè½®è€ƒæ ¸/ros2_ws/src/enemy_detector/src/coordinate_transform_node.cpp:40:23:[m[K [01;31m[Kerror: [m[Kbase operand of â€˜[01m[K->[m[Kâ€™ is not a pointer
[6.251s]    40 |             tf_buffer_[01;31m[K->[m[Ktransform(camera_coords, base_link_coords, "base_link", tf2::durationFromSec(1.0));
[6.251s]       |                       [01;31m[K^~[m[K
[11.267s] gmake[2]: *** [CMakeFiles/coordinate_transform_node.dir/build.make:76ï¼šCMakeFiles/coordinate_transform_node.dir/src/coordinate_transform_node.cpp.o] é”™è¯¯ 1
[11.267s] gmake[1]: *** [CMakeFiles/Makefile2:137ï¼šCMakeFiles/coordinate_transform_node.dir/all] é”™è¯¯ 2
[11.267s] gmake: *** [Makefile:146ï¼šall] é”™è¯¯ 2
[11.271s] Invoked command in '/home/dxtl/RM2025ç¬¬äºŒè½®è€ƒæ ¸/ros2_ws/build/enemy_detector' returned '2': CMAKE_PREFIX_PATH=${CMAKE_PREFIX_PATH}:/opt/ros/humble /usr/bin/cmake --build /home/dxtl/RM2025ç¬¬äºŒè½®è€ƒæ ¸/ros2_ws/build/enemy_detector -- -j8 -l8
